
2020/07/22 17:27:33 {"callers":["/home/wsl/program/github.com/wsloong/read-books/Go语言编程之旅/blog-service/main.go: 27 main.init.0"],"level":"error","message":"app.BindAndValid errs: ","time":1595410053978093265}
2020/07/22 17:29:20 {"callers":["/home/wsl/program/github.com/wsloong/read-books/Go语言编程之旅/blog-service/main.go: 27 main.init.0"],"level":"error","message":"app.BindAndValid errs: ","time":1595410160552142625}
2020/07/22 17:31:37 {"callers":["/home/wsl/program/github.com/wsloong/read-books/Go语言编程之旅/blog-service/main.go: 27 main.init.0"],"level":"error","message":"app.BindAndValid errs: Name长度必须至少为3个字符","time":1595410297328729494}
2020/07/23 15:28:23 {"callers":["/home/wsl/program/github.com/wsloong/read-books/Go语言编程之旅/blog-service/main.go: 27 main.init.0"],"level":"error","message":"svc.GetTagList error: Error 1054: Unknown column 'id_del' in 'where clause'","time":1595489303019846271}
2020/07/23 15:28:48 {"callers":["/home/wsl/program/github.com/wsloong/read-books/Go语言编程之旅/blog-service/main.go: 27 main.init.0"],"level":"error","message":"svc.GetTagList error: Error 1054: Unknown column 'id_del' in 'where clause'","time":1595489328748720035}
2020/07/23 15:35:04 {"callers":["/home/wsl/program/github.com/wsloong/read-books/Go语言编程之旅/blog-service/main.go: 27 main.init.0"],"level":"error","message":"app.BindAndValid errs: Name长度必须至少为3个字符,State为必填字段","time":1595489704791492197}
2020/07/23 15:36:25 {"callers":["/home/wsl/program/github.com/wsloong/read-books/Go语言编程之旅/blog-service/main.go: 27 main.init.0"],"level":"error","message":"app.BindAndValid errs: State为必填字段","time":1595489785428302365}
2020/07/23 15:36:55 {"callers":["/home/wsl/program/github.com/wsloong/read-books/Go语言编程之旅/blog-service/main.go: 27 main.init.0"],"level":"error","message":"app.BindAndValid errs: State为必填字段","time":1595489815865931917}
2020/07/23 15:50:21 {"callers":["/home/wsl/program/github.com/wsloong/read-books/Go语言编程之旅/blog-service/main.go: 27 main.init.0"],"level":"error","message":"app.BindAndValid errs: State为必填字段","time":1595490621791917727}
2020/07/23 15:50:28 {"callers":["/home/wsl/program/github.com/wsloong/read-books/Go语言编程之旅/blog-service/main.go: 27 main.init.0"],"level":"error","message":"app.BindAndValid errs: State为必填字段","time":1595490628026966220}
2020/07/23 16:03:25 {"callers":["/home/wsl/program/github.com/wsloong/read-books/Go语言编程之旅/blog-service/main.go: 27 main.init.0"],"level":"error","message":"app.BindAndValid errs: Name长度必须至少为3个字符","time":1595491405686405698}
2020/08/06 17:24:55 {"callers":["/home/wsl/program/github.com/wsloong/read-books/Go语言编程之旅/blog-service/main.go: 27 main.init.0"],"level":"error","message":"app.BindAndValid errs: TagID为必填字段","time":1596705895704744978}
2020/08/06 17:28:00 {"callers":["/home/wsl/program/github.com/wsloong/read-books/Go语言编程之旅/blog-service/main.go: 27 main.init.0"],"level":"error","message":"svc.GetArticleList err: Error 1146: Table 'blog_service.blog_article_tagAS' doesn't exist","time":1596706080001600294}
2020/08/06 17:30:51 {"callers":["/home/wsl/program/github.com/wsloong/read-books/Go语言编程之旅/blog-service/main.go: 27 main.init.0"],"level":"error","message":"svc.GetArticleList err: Error 1146: Table 'blog_service.blog_article_tagAS' doesn't exist","time":1596706251060925698}
2020/08/06 17:31:10 {"callers":["/home/wsl/program/github.com/wsloong/read-books/Go语言编程之旅/blog-service/main.go: 27 main.init.0"],"level":"error","message":"svc.GetArticleList err: Error 1054: Unknown column 'ar.article_id' in 'on clause'","time":1596706270880623070}
2020/08/06 17:32:27 {"callers":["/home/wsl/program/github.com/wsloong/read-books/Go语言编程之旅/blog-service/main.go: 27 main.init.0"],"level":"error","message":"svc.GetArticleList err: Error 1054: Unknown column 'ar.article_id' in 'on clause'","time":1596706347366541431}
2020/08/06 17:34:06 {"callers":["/home/wsl/program/github.com/wsloong/read-books/Go语言编程之旅/blog-service/main.go: 27 main.init.0"],"level":"error","message":"svc.GetArticleList err: Error 1054: Unknown column 'ar.article_id' in 'on clause'","time":1596706446310441198}
2020/08/06 17:34:07 {"callers":["/home/wsl/program/github.com/wsloong/read-books/Go语言编程之旅/blog-service/main.go: 27 main.init.0"],"level":"error","message":"svc.GetArticleList err: Error 1054: Unknown column 'ar.article_id' in 'on clause'","time":1596706447632638469}
2020/08/06 17:34:08 {"callers":["/home/wsl/program/github.com/wsloong/read-books/Go语言编程之旅/blog-service/main.go: 27 main.init.0"],"level":"error","message":"svc.GetArticleList err: Error 1054: Unknown column 'ar.article_id' in 'on clause'","time":1596706448213930412}
2020/08/06 17:34:08 {"callers":["/home/wsl/program/github.com/wsloong/read-books/Go语言编程之旅/blog-service/main.go: 27 main.init.0"],"level":"error","message":"svc.GetArticleList err: Error 1054: Unknown column 'ar.article_id' in 'on clause'","time":1596706448758000355}
2020/08/06 17:34:09 {"callers":["/home/wsl/program/github.com/wsloong/read-books/Go语言编程之旅/blog-service/main.go: 27 main.init.0"],"level":"error","message":"svc.GetArticleList err: Error 1054: Unknown column 'ar.article_id' in 'on clause'","time":1596706449543214792}
2020/08/06 17:34:22 {"callers":["/home/wsl/program/github.com/wsloong/read-books/Go语言编程之旅/blog-service/main.go: 27 main.init.0"],"level":"error","message":"app.BindAndValid errs: TagID为必填字段","time":1596706462760036838}
2020/08/06 17:34:29 {"callers":["/home/wsl/program/github.com/wsloong/read-books/Go语言编程之旅/blog-service/main.go: 27 main.init.0"],"level":"error","message":"svc.GetArticleList err: Error 1054: Unknown column 'ar.article_id' in 'on clause'","time":1596706469731320757}
2020/08/06 17:35:56 {"callers":["/home/wsl/program/github.com/wsloong/read-books/Go语言编程之旅/blog-service/main.go: 27 main.init.0"],"level":"error","message":"svc.GetArticleList err: Error 1054: Unknown column 'ar.article_id' in 'on clause'","time":1596706556843511781}
2020/08/06 17:37:19 {"callers":["/home/wsl/program/github.com/wsloong/read-books/Go语言编程之旅/blog-service/main.go: 27 main.init.0"],"level":"error","message":"svc.GetArticleList err: sql: Scan error on column index 5, name \"tag_id\": converting NULL to uint32 is unsupported","time":1596706639655865928}
2020/08/06 17:38:46 {"callers":["/home/wsl/program/github.com/wsloong/read-books/Go语言编程之旅/blog-service/main.go: 27 main.init.0"],"level":"error","message":"svc.GetArticleList err: sql: Scan error on column index 5, name \"tag_id\": converting NULL to uint32 is unsupported","time":1596706726354067597}
